2025-11-20 10:51:47,896 - multipart.multipart - DEBUG - Calling on_part_begin with no data
2025-11-20 10:51:47,896 - multipart.multipart - DEBUG - Calling on_header_field with data[42:61]
2025-11-20 10:51:47,897 - multipart.multipart - DEBUG - Calling on_header_value with data[63:123]
2025-11-20 10:51:47,897 - multipart.multipart - DEBUG - Calling on_header_end with no data
2025-11-20 10:51:47,898 - multipart.multipart - DEBUG - Calling on_header_field with data[125:137]
2025-11-20 10:51:47,898 - multipart.multipart - DEBUG - Calling on_header_value with data[139:147]
2025-11-20 10:51:47,898 - multipart.multipart - DEBUG - Calling on_header_end with no data
2025-11-20 10:51:47,898 - multipart.multipart - DEBUG - Calling on_headers_finished with no data
2025-11-20 10:51:47,899 - multipart.multipart - DEBUG - Calling on_part_data with data[151:423]
2025-11-20 10:51:47,899 - multipart.multipart - DEBUG - Calling on_part_data with data[0:2]
2025-11-20 10:51:47,900 - multipart.multipart - DEBUG - Calling on_part_end with no data
2025-11-20 10:51:47,900 - multipart.multipart - DEBUG - Calling on_part_begin with no data
2025-11-20 10:51:47,900 - multipart.multipart - DEBUG - Calling on_header_field with data[469:488]
2025-11-20 10:51:47,900 - multipart.multipart - DEBUG - Calling on_header_value with data[490:521]
2025-11-20 10:51:47,901 - multipart.multipart - DEBUG - Calling on_header_end with no data
2025-11-20 10:51:47,901 - multipart.multipart - DEBUG - Calling on_headers_finished with no data
2025-11-20 10:51:47,901 - multipart.multipart - DEBUG - Calling on_part_data with data[525:528]
2025-11-20 10:51:47,902 - multipart.multipart - DEBUG - Calling on_part_end with no data
2025-11-20 10:51:47,902 - multipart.multipart - DEBUG - Calling on_end with no data
2025-11-20 10:51:47,903 - app.logger - INFO - Batch conversion started for file: Coordinate_conversion.csv, format: map
2025-11-20 10:51:47,903 - app.logger - INFO - Successfully decoded with utf-8
2025-11-20 10:51:47,919 - app.logger - INFO - DataFrame created with columns: ['#', 'Name', 'latitude', 'longitude']
2025-11-20 10:51:47,935 - app.converters - INFO - Transformed 4326->21037: (-1.2990176, 36.8901175) -> (265132.419, 9856620.501)
2025-11-20 10:51:47,936 - app.converters - INFO - Transformed 4326->21037: (-1.1850278, 36.6372222) -> (236965.861, 9869205.756)
2025-11-20 10:51:47,939 - app.converters - INFO - Transformed 4326->21037: (0.0146944, 36.4192222) -> (212629.528, 10001925.016)
2025-11-20 10:51:47,944 - app.converters - INFO - Transformed 4326->21037: (-0.2717772, 36.0464823) -> (171107.753, 9970219.552)
2025-11-20 10:51:47,945 - app.converters - INFO - Transformed 4326->21037: (-1.24925, 36.9561667) -> (272480.659, 9862130.894)
2025-11-20 10:51:47,946 - app.converters - INFO - Transformed 4326->21037: (-1.2556944, 36.6984722) -> (243792.360, 9861394.332)
2025-11-20 10:51:47,948 - app.logger - INFO - Batch conversion completed. Successful: 6/6
2025-11-20 10:53:52,683 - multipart.multipart - DEBUG - Calling on_part_begin with no data
2025-11-20 10:53:52,684 - multipart.multipart - DEBUG - Calling on_header_field with data[42:61]
2025-11-20 10:53:52,687 - multipart.multipart - DEBUG - Calling on_header_value with data[63:133]
2025-11-20 10:53:52,693 - multipart.multipart - DEBUG - Calling on_header_end with no data
2025-11-20 10:53:52,693 - multipart.multipart - DEBUG - Calling on_header_field with data[135:147]
2025-11-20 10:53:52,694 - multipart.multipart - DEBUG - Calling on_header_value with data[149:157]
2025-11-20 10:53:52,695 - multipart.multipart - DEBUG - Calling on_header_end with no data
2025-11-20 10:53:52,696 - multipart.multipart - DEBUG - Calling on_headers_finished with no data
2025-11-20 10:53:52,700 - multipart.multipart - DEBUG - Calling on_part_data with data[161:343]
2025-11-20 10:53:52,701 - multipart.multipart - DEBUG - Calling on_part_data with data[0:3]
2025-11-20 10:53:52,709 - multipart.multipart - DEBUG - Calling on_part_data with data[346:372]
2025-11-20 10:53:52,710 - multipart.multipart - DEBUG - Calling on_part_data with data[0:2]
2025-11-20 10:53:52,711 - multipart.multipart - DEBUG - Calling on_part_end with no data
2025-11-20 10:53:52,711 - multipart.multipart - DEBUG - Calling on_part_begin with no data
2025-11-20 10:53:52,712 - multipart.multipart - DEBUG - Calling on_header_field with data[418:437]
2025-11-20 10:53:52,713 - multipart.multipart - DEBUG - Calling on_header_value with data[439:470]
2025-11-20 10:53:52,720 - multipart.multipart - DEBUG - Calling on_header_end with no data
2025-11-20 10:53:52,722 - multipart.multipart - DEBUG - Calling on_headers_finished with no data
2025-11-20 10:53:52,723 - multipart.multipart - DEBUG - Calling on_part_data with data[474:477]
2025-11-20 10:53:52,724 - multipart.multipart - DEBUG - Calling on_part_end with no data
2025-11-20 10:53:52,724 - multipart.multipart - DEBUG - Calling on_end with no data
2025-11-20 10:53:52,725 - app.logger - INFO - Batch conversion started for file: Coordinate_conversion_app_trial.csv, format: map
2025-11-20 10:53:52,725 - app.logger - INFO - Successfully decoded with utf-8
2025-11-20 10:53:52,728 - app.logger - INFO - DataFrame created with columns: ['latitude', 'longitude', 'lat_format', 'lon_format']
2025-11-20 10:53:52,729 - app.converters - INFO - Transformed 4326->21037: (-1.2990176, 36.8901175) -> (265132.419, 9856620.501)
2025-11-20 10:53:52,734 - app.converters - INFO - Transformed 4326->21037: (-1.1850278, 36.6372222) -> (236965.861, 9869205.756)
2025-11-20 10:53:52,735 - app.converters - INFO - Transformed 4326->21037: (0.0146944, 36.4192222) -> (212629.528, 10001925.016)
2025-11-20 10:53:52,736 - app.converters - INFO - Transformed 4326->21037: (-0.2717772, 36.0464823) -> (171107.753, 9970219.552)
2025-11-20 10:53:52,737 - app.converters - INFO - Transformed 4326->21037: (-1.24925, 36.9561667) -> (272480.659, 9862130.894)
2025-11-20 10:53:52,740 - app.converters - INFO - Transformed 4326->21037: (-1.2556944, 36.6984722) -> (243792.360, 9861394.332)
2025-11-20 10:53:52,740 - app.logger - INFO - Batch conversion completed. Successful: 6/6
2025-11-20 11:02:58,900 - app.converters - INFO - Transformed 4326->21037: (-1.2833333333333332, 36.81666666666667) -> (256954.013, 9858348.423)
2025-11-20 11:02:58,901 - app.logger - INFO - Conversion performed: {"timestamp": "2025-11-20T11:02:58.900033", "conversion_type": "4326_to_21037", "original_coordinates": {"lat": "1\u00b017'00\"S", "lon": "36\u00b049'00\"E"}, "converted_coordinates": {"easting": 256954.013, "northing": 9858348.423}, "user_agent": "Mozilla/5.0 (Windows NT 10.0; Win64; x64) AppleWebKit/537.36 (KHTML, like Gecko) Chrome/140.0.0.0 YaBrowser/25.10.0.0 Safari/537.36"}
2025-11-20 11:04:53,628 - app.converters - INFO - Transformed 4326->21037: (-1.2833333333333332, 36.81666666666667) -> (256954.013, 9858348.423)
2025-11-20 11:04:53,629 - app.logger - INFO - Conversion performed: {"timestamp": "2025-11-20T11:04:53.629682", "conversion_type": "4326_to_21037", "original_coordinates": {"lat": "1\u00b017'00\"S", "lon": "36\u00b049'00\"E"}, "converted_coordinates": {"easting": 256954.013, "northing": 9858348.423}, "user_agent": "Mozilla/5.0 (Windows NT 10.0; Win64; x64) AppleWebKit/537.36 (KHTML, like Gecko) Chrome/140.0.0.0 YaBrowser/25.10.0.0 Safari/537.36"}
2025-11-20 11:08:29,512 - app.converters - INFO - Transformed 4326->21037: (-1.121451, 36.649101) -> (238282.720, 9876240.004)
2025-11-20 11:08:29,512 - app.logger - INFO - Conversion performed: {"timestamp": "2025-11-20T11:08:29.512143", "conversion_type": "4326_to_21037", "original_coordinates": {"lat": " -1.121451", "lon": " 36.649101"}, "converted_coordinates": {"easting": 238282.72, "northing": 9876240.004}, "user_agent": "Mozilla/5.0 (Windows NT 10.0; Win64; x64) AppleWebKit/537.36 (KHTML, like Gecko) Chrome/140.0.0.0 YaBrowser/25.10.0.0 Safari/537.36"}
2025-11-20 11:09:38,516 - app.converters - ERROR - Reverse transformation failed: Northing should be between 0 and 10,000,000
2025-11-20 11:09:38,516 - app.logger - ERROR - Reverse conversion error: Reverse transformation failed: Northing should be between 0 and 10,000,000
2025-11-20 11:09:55,923 - app.converters - ERROR - Reverse transformation failed: Northing should be between 0 and 10,000,000
2025-11-20 11:09:55,924 - app.logger - ERROR - Reverse conversion error: Reverse transformation failed: Northing should be between 0 and 10,000,000
2025-11-20 11:19:23,460 - app.converters - INFO - Transformed 4326->21037: (-1.121451, 36.649101) -> (238282.720, 9876240.004)
2025-11-20 11:19:23,461 - app.logger - INFO - Conversion performed: {"timestamp": "2025-11-20T11:19:23.460442", "conversion_type": "4326_to_21037", "original_coordinates": {"lat": " -1.121451", "lon": " 36.649101"}, "converted_coordinates": {"easting": 238282.72, "northing": 9876240.004}, "user_agent": "Mozilla/5.0 (Windows NT 10.0; Win64; x64) AppleWebKit/537.36 (KHTML, like Gecko) Chrome/140.0.0.0 YaBrowser/25.10.0.0 Safari/537.36"}
2025-11-20 11:19:56,849 - multipart.multipart - DEBUG - Calling on_part_begin with no data
2025-11-20 11:19:56,849 - multipart.multipart - DEBUG - Calling on_header_field with data[42:61]
2025-11-20 11:19:56,852 - multipart.multipart - DEBUG - Calling on_header_value with data[63:123]
2025-11-20 11:19:56,857 - multipart.multipart - DEBUG - Calling on_header_end with no data
2025-11-20 11:19:56,858 - multipart.multipart - DEBUG - Calling on_header_field with data[125:137]
2025-11-20 11:19:56,860 - multipart.multipart - DEBUG - Calling on_header_value with data[139:147]
2025-11-20 11:19:56,861 - multipart.multipart - DEBUG - Calling on_header_end with no data
2025-11-20 11:19:56,862 - multipart.multipart - DEBUG - Calling on_headers_finished with no data
2025-11-20 11:19:56,867 - multipart.multipart - DEBUG - Calling on_part_data with data[151:423]
2025-11-20 11:19:56,868 - multipart.multipart - DEBUG - Calling on_part_data with data[0:2]
2025-11-20 11:19:56,872 - multipart.multipart - DEBUG - Calling on_part_end with no data
2025-11-20 11:19:56,872 - multipart.multipart - DEBUG - Calling on_part_begin with no data
2025-11-20 11:19:56,873 - multipart.multipart - DEBUG - Calling on_header_field with data[469:488]
2025-11-20 11:19:56,873 - multipart.multipart - DEBUG - Calling on_header_value with data[490:521]
2025-11-20 11:19:56,874 - multipart.multipart - DEBUG - Calling on_header_end with no data
2025-11-20 11:19:56,874 - multipart.multipart - DEBUG - Calling on_headers_finished with no data
2025-11-20 11:19:56,875 - multipart.multipart - DEBUG - Calling on_part_data with data[525:528]
2025-11-20 11:19:56,876 - multipart.multipart - DEBUG - Calling on_part_end with no data
2025-11-20 11:19:56,876 - multipart.multipart - DEBUG - Calling on_end with no data
2025-11-20 11:19:56,877 - app.logger - INFO - Batch conversion started for file: Coordinate_conversion.csv, format: map
2025-11-20 11:19:56,883 - app.logger - INFO - Successfully decoded with utf-8
2025-11-20 11:19:56,890 - app.logger - INFO - DataFrame created with columns: ['#', 'Name', 'latitude', 'longitude']
2025-11-20 11:19:56,891 - app.converters - INFO - Transformed 4326->21037: (-1.2990176, 36.8901175) -> (265132.419, 9856620.501)
2025-11-20 11:19:56,892 - app.converters - INFO - Transformed 4326->21037: (-1.1850278, 36.6372222) -> (236965.861, 9869205.756)
2025-11-20 11:19:56,893 - app.converters - INFO - Transformed 4326->21037: (0.0146944, 36.4192222) -> (212629.528, 10001925.016)
2025-11-20 11:19:56,895 - app.converters - INFO - Transformed 4326->21037: (-0.2717772, 36.0464823) -> (171107.753, 9970219.552)
2025-11-20 11:19:56,900 - app.converters - INFO - Transformed 4326->21037: (-1.24925, 36.9561667) -> (272480.659, 9862130.894)
2025-11-20 11:19:56,901 - app.converters - INFO - Transformed 4326->21037: (-1.2556944, 36.6984722) -> (243792.360, 9861394.332)
2025-11-20 11:19:56,901 - app.logger - INFO - Batch conversion completed. Successful: 6/6
2025-11-20 11:26:00,438 - multipart.multipart - DEBUG - Calling on_part_begin with no data
2025-11-20 11:26:00,438 - multipart.multipart - DEBUG - Calling on_header_field with data[42:61]
2025-11-20 11:26:00,442 - multipart.multipart - DEBUG - Calling on_header_value with data[63:123]
2025-11-20 11:26:00,448 - multipart.multipart - DEBUG - Calling on_header_end with no data
2025-11-20 11:26:00,449 - multipart.multipart - DEBUG - Calling on_header_field with data[125:137]
2025-11-20 11:26:00,450 - multipart.multipart - DEBUG - Calling on_header_value with data[139:147]
2025-11-20 11:26:00,451 - multipart.multipart - DEBUG - Calling on_header_end with no data
2025-11-20 11:26:00,453 - multipart.multipart - DEBUG - Calling on_headers_finished with no data
2025-11-20 11:26:00,454 - multipart.multipart - DEBUG - Calling on_part_data with data[151:423]
2025-11-20 11:26:00,459 - multipart.multipart - DEBUG - Calling on_part_data with data[0:2]
2025-11-20 11:26:00,466 - multipart.multipart - DEBUG - Calling on_part_end with no data
2025-11-20 11:26:00,467 - multipart.multipart - DEBUG - Calling on_part_begin with no data
2025-11-20 11:26:00,468 - multipart.multipart - DEBUG - Calling on_header_field with data[469:488]
2025-11-20 11:26:00,469 - multipart.multipart - DEBUG - Calling on_header_value with data[490:521]
2025-11-20 11:26:00,470 - multipart.multipart - DEBUG - Calling on_header_end with no data
2025-11-20 11:26:00,471 - multipart.multipart - DEBUG - Calling on_headers_finished with no data
2025-11-20 11:26:00,472 - multipart.multipart - DEBUG - Calling on_part_data with data[525:528]
2025-11-20 11:26:00,475 - multipart.multipart - DEBUG - Calling on_part_end with no data
2025-11-20 11:26:00,481 - multipart.multipart - DEBUG - Calling on_end with no data
2025-11-20 11:26:00,482 - app.logger - INFO - Batch conversion started for file: Coordinate_conversion.csv, format: csv
2025-11-20 11:26:00,482 - app.logger - INFO - Successfully decoded with utf-8
2025-11-20 11:26:00,486 - app.logger - INFO - DataFrame created with columns: ['#', 'Name', 'latitude', 'longitude']
2025-11-20 11:26:00,487 - app.converters - INFO - Transformed 4326->21037: (-1.2990176, 36.8901175) -> (265132.419, 9856620.501)
2025-11-20 11:26:00,488 - app.converters - INFO - Transformed 4326->21037: (-1.1850278, 36.6372222) -> (236965.861, 9869205.756)
2025-11-20 11:26:00,489 - app.converters - INFO - Transformed 4326->21037: (0.0146944, 36.4192222) -> (212629.528, 10001925.016)
2025-11-20 11:26:00,492 - app.converters - INFO - Transformed 4326->21037: (-0.2717772, 36.0464823) -> (171107.753, 9970219.552)
2025-11-20 11:26:00,495 - app.converters - INFO - Transformed 4326->21037: (-1.24925, 36.9561667) -> (272480.659, 9862130.894)
2025-11-20 11:26:00,498 - app.converters - INFO - Transformed 4326->21037: (-1.2556944, 36.6984722) -> (243792.360, 9861394.332)
2025-11-20 11:26:00,499 - app.logger - INFO - Batch conversion completed. Successful: 6/6
2025-11-20 12:16:32,491 - multipart.multipart - DEBUG - Calling on_part_begin with no data
2025-11-20 12:16:32,492 - multipart.multipart - DEBUG - Calling on_header_field with data[42:61]
2025-11-20 12:16:32,492 - multipart.multipart - DEBUG - Calling on_header_value with data[63:131]
2025-11-20 12:16:32,493 - multipart.multipart - DEBUG - Calling on_header_end with no data
2025-11-20 12:16:32,493 - multipart.multipart - DEBUG - Calling on_header_field with data[133:145]
2025-11-20 12:16:32,493 - multipart.multipart - DEBUG - Calling on_header_value with data[147:155]
2025-11-20 12:16:32,493 - multipart.multipart - DEBUG - Calling on_header_end with no data
2025-11-20 12:16:32,494 - multipart.multipart - DEBUG - Calling on_headers_finished with no data
2025-11-20 12:16:32,494 - multipart.multipart - DEBUG - Calling on_part_data with data[159:1157]
2025-11-20 12:16:32,494 - multipart.multipart - DEBUG - Calling on_part_data with data[0:2]
2025-11-20 12:16:32,495 - multipart.multipart - DEBUG - Calling on_part_end with no data
2025-11-20 12:16:32,495 - multipart.multipart - DEBUG - Calling on_part_begin with no data
2025-11-20 12:16:32,495 - multipart.multipart - DEBUG - Calling on_header_field with data[1203:1222]
2025-11-20 12:16:32,496 - multipart.multipart - DEBUG - Calling on_header_value with data[1224:1255]
2025-11-20 12:16:32,496 - multipart.multipart - DEBUG - Calling on_header_end with no data
2025-11-20 12:16:32,496 - multipart.multipart - DEBUG - Calling on_headers_finished with no data
2025-11-20 12:16:32,496 - multipart.multipart - DEBUG - Calling on_part_data with data[1259:1262]
2025-11-20 12:16:32,497 - multipart.multipart - DEBUG - Calling on_part_end with no data
2025-11-20 12:16:32,497 - multipart.multipart - DEBUG - Calling on_end with no data
2025-11-20 12:16:32,497 - app.logger - INFO - Batch conversion started for file: Coordinates_conversion_Vihiga.csv, format: map
2025-11-20 12:16:32,498 - app.logger - INFO - Successfully decoded with utf-8
2025-11-20 12:16:32,513 - app.logger - INFO - DataFrame created with columns: ['DATE', 'METER NUMBER', 'READINGS', 'latitude', 'longitude', 'X_21037', 'Y_21037', 'READER', 'CORRECT ITINERARY', 'REMARKS', 'WRONG ITIN']
2025-11-20 12:16:32,513 - app.converters - INFO - Transformed 4326->21037: (0.119592, 34.749045) -> (26442.285, 10013554.911)
2025-11-20 12:16:32,514 - app.converters - INFO - Transformed 4326->21037: (0.12364, 34.747232) -> (26240.056, 10014003.611)
2025-11-20 12:16:32,515 - app.converters - INFO - Transformed 4326->21037: (0.116757, 34.771619) -> (28961.086, 10013240.299)
2025-11-20 12:16:32,516 - app.converters - INFO - Transformed 4326->21037: (0.094393, 34.723831) -> (23628.370, 10010762.288)
2025-11-20 12:16:32,517 - app.converters - INFO - Transformed 4326->21037: (0.119585, 34.776572) -> (29513.791, 10013553.649)
2025-11-20 12:16:32,517 - app.converters - INFO - Transformed 4326->21037: (0.121482, 34.749054) -> (26443.322, 10013764.392)
2025-11-20 12:16:32,518 - app.converters - INFO - Transformed 4326->21037: (0.121682, 34.747535) -> (26273.830, 10013786.587)
2025-11-20 12:16:32,519 - app.converters - INFO - Transformed 4326->21037: (0.119069, 34.751379) -> (26702.711, 10013496.902)
2025-11-20 12:16:32,519 - app.converters - INFO - Transformed 4326->21037: (0.121518, 34.749057) -> (26443.658, 10013768.382)
2025-11-20 12:16:32,520 - app.converters - INFO - Transformed 4326->21037: (0.116578, 34.770104) -> (28792.039, 10013220.486)
2025-11-20 12:16:32,520 - app.converters - INFO - Transformed 4326->21037: (0.117271, 34.771062) -> (28898.945, 10013297.277)
2025-11-20 12:16:32,521 - app.converters - INFO - Transformed 4326->21037: (0.117834, 34.772177) -> (29023.367, 10013359.657)
2025-11-20 12:16:32,521 - app.converters - INFO - Transformed 4326->21037: (0.116586, 34.770111) -> (28792.820, 10013221.372)
2025-11-20 12:16:32,522 - app.converters - INFO - Transformed 4326->21037: (0.116586, 34.770108) -> (28792.485, 10013221.372)
2025-11-20 12:16:32,528 - app.logger - INFO - Batch conversion completed. Successful: 14/14
2025-11-20 12:17:09,621 - multipart.multipart - DEBUG - Calling on_part_begin with no data
2025-11-20 12:17:09,622 - multipart.multipart - DEBUG - Calling on_header_field with data[42:61]
2025-11-20 12:17:09,624 - multipart.multipart - DEBUG - Calling on_header_value with data[63:131]
2025-11-20 12:17:09,625 - multipart.multipart - DEBUG - Calling on_header_end with no data
2025-11-20 12:17:09,630 - multipart.multipart - DEBUG - Calling on_header_field with data[133:145]
2025-11-20 12:17:09,631 - multipart.multipart - DEBUG - Calling on_header_value with data[147:155]
2025-11-20 12:17:09,633 - multipart.multipart - DEBUG - Calling on_header_end with no data
2025-11-20 12:17:09,634 - multipart.multipart - DEBUG - Calling on_headers_finished with no data
2025-11-20 12:17:09,635 - multipart.multipart - DEBUG - Calling on_part_data with data[159:1157]
2025-11-20 12:17:09,636 - multipart.multipart - DEBUG - Calling on_part_data with data[0:2]
2025-11-20 12:17:09,637 - multipart.multipart - DEBUG - Calling on_part_end with no data
2025-11-20 12:17:09,641 - multipart.multipart - DEBUG - Calling on_part_begin with no data
2025-11-20 12:17:09,647 - multipart.multipart - DEBUG - Calling on_header_field with data[1203:1222]
2025-11-20 12:17:09,648 - multipart.multipart - DEBUG - Calling on_header_value with data[1224:1255]
2025-11-20 12:17:09,649 - multipart.multipart - DEBUG - Calling on_header_end with no data
2025-11-20 12:17:09,650 - multipart.multipart - DEBUG - Calling on_headers_finished with no data
2025-11-20 12:17:09,651 - multipart.multipart - DEBUG - Calling on_part_data with data[1259:1262]
2025-11-20 12:17:09,655 - multipart.multipart - DEBUG - Calling on_part_end with no data
2025-11-20 12:17:09,657 - multipart.multipart - DEBUG - Calling on_end with no data
2025-11-20 12:17:09,662 - app.logger - INFO - Batch conversion started for file: Coordinates_conversion_Vihiga.csv, format: csv
2025-11-20 12:17:09,662 - app.logger - INFO - Successfully decoded with utf-8
2025-11-20 12:17:09,665 - app.logger - INFO - DataFrame created with columns: ['DATE', 'METER NUMBER', 'READINGS', 'latitude', 'longitude', 'X_21037', 'Y_21037', 'READER', 'CORRECT ITINERARY', 'REMARKS', 'WRONG ITIN']
2025-11-20 12:17:09,667 - app.converters - INFO - Transformed 4326->21037: (0.119592, 34.749045) -> (26442.285, 10013554.911)
2025-11-20 12:17:09,668 - app.converters - INFO - Transformed 4326->21037: (0.12364, 34.747232) -> (26240.056, 10014003.611)
2025-11-20 12:17:09,669 - app.converters - INFO - Transformed 4326->21037: (0.116757, 34.771619) -> (28961.086, 10013240.299)
2025-11-20 12:17:09,669 - app.converters - INFO - Transformed 4326->21037: (0.094393, 34.723831) -> (23628.370, 10010762.288)
2025-11-20 12:17:09,673 - app.converters - INFO - Transformed 4326->21037: (0.119585, 34.776572) -> (29513.791, 10013553.649)
2025-11-20 12:17:09,678 - app.converters - INFO - Transformed 4326->21037: (0.121482, 34.749054) -> (26443.322, 10013764.392)
2025-11-20 12:17:09,679 - app.converters - INFO - Transformed 4326->21037: (0.121682, 34.747535) -> (26273.830, 10013786.587)
2025-11-20 12:17:09,680 - app.converters - INFO - Transformed 4326->21037: (0.119069, 34.751379) -> (26702.711, 10013496.902)
2025-11-20 12:17:09,681 - app.converters - INFO - Transformed 4326->21037: (0.121518, 34.749057) -> (26443.658, 10013768.382)
2025-11-20 12:17:09,683 - app.converters - INFO - Transformed 4326->21037: (0.116578, 34.770104) -> (28792.039, 10013220.486)
2025-11-20 12:17:09,684 - app.converters - INFO - Transformed 4326->21037: (0.117271, 34.771062) -> (28898.945, 10013297.277)
2025-11-20 12:17:09,685 - app.converters - INFO - Transformed 4326->21037: (0.117834, 34.772177) -> (29023.367, 10013359.657)
2025-11-20 12:17:09,686 - app.converters - INFO - Transformed 4326->21037: (0.116586, 34.770111) -> (28792.820, 10013221.372)
2025-11-20 12:17:09,687 - app.converters - INFO - Transformed 4326->21037: (0.116586, 34.770108) -> (28792.485, 10013221.372)
2025-11-20 12:17:09,691 - app.logger - INFO - Batch conversion completed. Successful: 14/14
2025-11-20 12:19:05,177 - multipart.multipart - DEBUG - Calling on_part_begin with no data
2025-11-20 12:19:05,177 - multipart.multipart - DEBUG - Calling on_header_field with data[42:61]
2025-11-20 12:19:05,180 - multipart.multipart - DEBUG - Calling on_header_value with data[63:131]
2025-11-20 12:19:05,184 - multipart.multipart - DEBUG - Calling on_header_end with no data
2025-11-20 12:19:05,185 - multipart.multipart - DEBUG - Calling on_header_field with data[133:145]
2025-11-20 12:19:05,186 - multipart.multipart - DEBUG - Calling on_header_value with data[147:155]
2025-11-20 12:19:05,187 - multipart.multipart - DEBUG - Calling on_header_end with no data
2025-11-20 12:19:05,188 - multipart.multipart - DEBUG - Calling on_headers_finished with no data
2025-11-20 12:19:05,189 - multipart.multipart - DEBUG - Calling on_part_data with data[159:1113]
2025-11-20 12:19:05,190 - multipart.multipart - DEBUG - Calling on_part_data with data[0:2]
2025-11-20 12:19:05,190 - multipart.multipart - DEBUG - Calling on_part_end with no data
2025-11-20 12:19:05,194 - multipart.multipart - DEBUG - Calling on_part_begin with no data
2025-11-20 12:19:05,200 - multipart.multipart - DEBUG - Calling on_header_field with data[1159:1178]
2025-11-20 12:19:05,201 - multipart.multipart - DEBUG - Calling on_header_value with data[1180:1211]
2025-11-20 12:19:05,201 - multipart.multipart - DEBUG - Calling on_header_end with no data
2025-11-20 12:19:05,202 - multipart.multipart - DEBUG - Calling on_headers_finished with no data
2025-11-20 12:19:05,203 - multipart.multipart - DEBUG - Calling on_part_data with data[1215:1218]
2025-11-20 12:19:05,204 - multipart.multipart - DEBUG - Calling on_part_end with no data
2025-11-20 12:19:05,205 - multipart.multipart - DEBUG - Calling on_end with no data
2025-11-20 12:19:05,206 - app.logger - INFO - Batch conversion started for file: Coordinates_conversion_Vihiga.csv, format: csv
2025-11-20 12:19:05,209 - app.logger - INFO - Successfully decoded with utf-8
2025-11-20 12:19:05,219 - app.logger - INFO - DataFrame created with columns: ['DATE', 'METER NUMBER', 'READINGS', 'latitude', 'longitude', 'READER', 'CORRECT ITINERARY', 'REMARKS', 'WRONG ITIN']
2025-11-20 12:19:05,221 - app.converters - INFO - Transformed 4326->21037: (0.119592, 34.749045) -> (26442.285, 10013554.911)
2025-11-20 12:19:05,222 - app.converters - INFO - Transformed 4326->21037: (0.12364, 34.747232) -> (26240.056, 10014003.611)
2025-11-20 12:19:05,223 - app.converters - INFO - Transformed 4326->21037: (0.116757, 34.771619) -> (28961.086, 10013240.299)
2025-11-20 12:19:05,227 - app.converters - INFO - Transformed 4326->21037: (0.094393, 34.723831) -> (23628.370, 10010762.288)
2025-11-20 12:19:05,233 - app.converters - INFO - Transformed 4326->21037: (0.119585, 34.776572) -> (29513.791, 10013553.649)
2025-11-20 12:19:05,234 - app.converters - INFO - Transformed 4326->21037: (0.121482, 34.749054) -> (26443.322, 10013764.392)
2025-11-20 12:19:05,235 - app.converters - INFO - Transformed 4326->21037: (0.121682, 34.747535) -> (26273.830, 10013786.587)
2025-11-20 12:19:05,236 - app.converters - INFO - Transformed 4326->21037: (0.119069, 34.751379) -> (26702.711, 10013496.902)
2025-11-20 12:19:05,237 - app.converters - INFO - Transformed 4326->21037: (0.121518, 34.749057) -> (26443.658, 10013768.382)
2025-11-20 12:19:05,239 - app.converters - INFO - Transformed 4326->21037: (0.116578, 34.770104) -> (28792.039, 10013220.486)
2025-11-20 12:19:05,242 - app.converters - INFO - Transformed 4326->21037: (0.117271, 34.771062) -> (28898.945, 10013297.277)
2025-11-20 12:19:05,248 - app.converters - INFO - Transformed 4326->21037: (0.117834, 34.772177) -> (29023.367, 10013359.657)
2025-11-20 12:19:05,248 - app.converters - INFO - Transformed 4326->21037: (0.116586, 34.770111) -> (28792.820, 10013221.372)
2025-11-20 12:19:05,249 - app.converters - INFO - Transformed 4326->21037: (0.116586, 34.770108) -> (28792.485, 10013221.372)
2025-11-20 12:19:05,250 - app.logger - INFO - Batch conversion completed. Successful: 14/14
2025-11-20 12:20:30,913 - multipart.multipart - DEBUG - Calling on_part_begin with no data
2025-11-20 12:20:30,913 - multipart.multipart - DEBUG - Calling on_header_field with data[42:61]
2025-11-20 12:20:30,915 - multipart.multipart - DEBUG - Calling on_header_value with data[63:123]
2025-11-20 12:20:30,920 - multipart.multipart - DEBUG - Calling on_header_end with no data
2025-11-20 12:20:30,921 - multipart.multipart - DEBUG - Calling on_header_field with data[125:137]
2025-11-20 12:20:30,922 - multipart.multipart - DEBUG - Calling on_header_value with data[139:147]
2025-11-20 12:20:30,922 - multipart.multipart - DEBUG - Calling on_header_end with no data
2025-11-20 12:20:30,923 - multipart.multipart - DEBUG - Calling on_headers_finished with no data
2025-11-20 12:20:30,923 - multipart.multipart - DEBUG - Calling on_part_data with data[151:423]
2025-11-20 12:20:30,924 - multipart.multipart - DEBUG - Calling on_part_data with data[0:2]
2025-11-20 12:20:30,924 - multipart.multipart - DEBUG - Calling on_part_end with no data
2025-11-20 12:20:30,925 - multipart.multipart - DEBUG - Calling on_part_begin with no data
2025-11-20 12:20:30,925 - multipart.multipart - DEBUG - Calling on_header_field with data[469:488]
2025-11-20 12:20:30,926 - multipart.multipart - DEBUG - Calling on_header_value with data[490:521]
2025-11-20 12:20:30,926 - multipart.multipart - DEBUG - Calling on_header_end with no data
2025-11-20 12:20:30,928 - multipart.multipart - DEBUG - Calling on_headers_finished with no data
2025-11-20 12:20:30,934 - multipart.multipart - DEBUG - Calling on_part_data with data[525:528]
2025-11-20 12:20:30,936 - multipart.multipart - DEBUG - Calling on_part_end with no data
2025-11-20 12:20:30,937 - multipart.multipart - DEBUG - Calling on_end with no data
2025-11-20 12:20:30,938 - app.logger - INFO - Batch conversion started for file: Coordinate_conversion.csv, format: map
2025-11-20 12:20:30,938 - app.logger - INFO - Successfully decoded with utf-8
2025-11-20 12:20:30,941 - app.logger - INFO - DataFrame created with columns: ['#', 'Name', 'latitude', 'longitude']
2025-11-20 12:20:30,944 - app.converters - INFO - Transformed 4326->21037: (-1.2990176, 36.8901175) -> (265132.419, 9856620.501)
2025-11-20 12:20:30,946 - app.converters - INFO - Transformed 4326->21037: (-1.1850278, 36.6372222) -> (236965.861, 9869205.756)
2025-11-20 12:20:30,950 - app.converters - INFO - Transformed 4326->21037: (0.0146944, 36.4192222) -> (212629.528, 10001925.016)
2025-11-20 12:20:30,952 - app.converters - INFO - Transformed 4326->21037: (-0.2717772, 36.0464823) -> (171107.753, 9970219.552)
2025-11-20 12:20:30,953 - app.converters - INFO - Transformed 4326->21037: (-1.24925, 36.9561667) -> (272480.659, 9862130.894)
2025-11-20 12:20:30,954 - app.converters - INFO - Transformed 4326->21037: (-1.2556944, 36.6984722) -> (243792.360, 9861394.332)
2025-11-20 12:20:30,954 - app.logger - INFO - Batch conversion completed. Successful: 6/6
2025-11-20 12:21:13,989 - multipart.multipart - DEBUG - Calling on_part_begin with no data
2025-11-20 12:21:13,990 - multipart.multipart - DEBUG - Calling on_header_field with data[42:61]
2025-11-20 12:21:13,993 - multipart.multipart - DEBUG - Calling on_header_value with data[63:123]
2025-11-20 12:21:13,994 - multipart.multipart - DEBUG - Calling on_header_end with no data
2025-11-20 12:21:13,999 - multipart.multipart - DEBUG - Calling on_header_field with data[125:137]
2025-11-20 12:21:14,001 - multipart.multipart - DEBUG - Calling on_header_value with data[139:147]
2025-11-20 12:21:14,004 - multipart.multipart - DEBUG - Calling on_header_end with no data
2025-11-20 12:21:14,009 - multipart.multipart - DEBUG - Calling on_headers_finished with no data
2025-11-20 12:21:14,010 - multipart.multipart - DEBUG - Calling on_part_data with data[151:423]
2025-11-20 12:21:14,019 - multipart.multipart - DEBUG - Calling on_part_data with data[0:2]
2025-11-20 12:21:14,022 - multipart.multipart - DEBUG - Calling on_part_end with no data
2025-11-20 12:21:14,025 - multipart.multipart - DEBUG - Calling on_part_begin with no data
2025-11-20 12:21:14,033 - multipart.multipart - DEBUG - Calling on_header_field with data[469:488]
2025-11-20 12:21:14,034 - multipart.multipart - DEBUG - Calling on_header_value with data[490:521]
2025-11-20 12:21:14,034 - multipart.multipart - DEBUG - Calling on_header_end with no data
2025-11-20 12:21:14,035 - multipart.multipart - DEBUG - Calling on_headers_finished with no data
2025-11-20 12:21:14,035 - multipart.multipart - DEBUG - Calling on_part_data with data[525:528]
2025-11-20 12:21:14,036 - multipart.multipart - DEBUG - Calling on_part_end with no data
2025-11-20 12:21:14,042 - multipart.multipart - DEBUG - Calling on_end with no data
2025-11-20 12:21:14,044 - app.logger - INFO - Batch conversion started for file: Coordinate_conversion.csv, format: csv
2025-11-20 12:21:14,044 - app.logger - INFO - Successfully decoded with utf-8
2025-11-20 12:21:14,049 - app.logger - INFO - DataFrame created with columns: ['#', 'Name', 'latitude', 'longitude']
2025-11-20 12:21:14,050 - app.converters - INFO - Transformed 4326->21037: (-1.2990176, 36.8901175) -> (265132.419, 9856620.501)
2025-11-20 12:21:14,050 - app.converters - INFO - Transformed 4326->21037: (-1.1850278, 36.6372222) -> (236965.861, 9869205.756)
2025-11-20 12:21:14,051 - app.converters - INFO - Transformed 4326->21037: (0.0146944, 36.4192222) -> (212629.528, 10001925.016)
2025-11-20 12:21:14,059 - app.converters - INFO - Transformed 4326->21037: (-0.2717772, 36.0464823) -> (171107.753, 9970219.552)
2025-11-20 12:21:14,060 - app.converters - INFO - Transformed 4326->21037: (-1.24925, 36.9561667) -> (272480.659, 9862130.894)
2025-11-20 12:21:14,063 - app.converters - INFO - Transformed 4326->21037: (-1.2556944, 36.6984722) -> (243792.360, 9861394.332)
2025-11-20 12:21:14,063 - app.logger - INFO - Batch conversion completed. Successful: 6/6
2025-11-20 12:21:59,865 - multipart.multipart - DEBUG - Calling on_part_begin with no data
2025-11-20 12:21:59,865 - multipart.multipart - DEBUG - Calling on_header_field with data[42:61]
2025-11-20 12:21:59,867 - multipart.multipart - DEBUG - Calling on_header_value with data[63:123]
2025-11-20 12:21:59,871 - multipart.multipart - DEBUG - Calling on_header_end with no data
2025-11-20 12:21:59,872 - multipart.multipart - DEBUG - Calling on_header_field with data[125:137]
2025-11-20 12:21:59,873 - multipart.multipart - DEBUG - Calling on_header_value with data[139:147]
2025-11-20 12:21:59,873 - multipart.multipart - DEBUG - Calling on_header_end with no data
2025-11-20 12:21:59,874 - multipart.multipart - DEBUG - Calling on_headers_finished with no data
2025-11-20 12:21:59,875 - multipart.multipart - DEBUG - Calling on_part_data with data[151:423]
2025-11-20 12:21:59,875 - multipart.multipart - DEBUG - Calling on_part_data with data[0:2]
2025-11-20 12:21:59,876 - multipart.multipart - DEBUG - Calling on_part_end with no data
2025-11-20 12:21:59,877 - multipart.multipart - DEBUG - Calling on_part_begin with no data
2025-11-20 12:21:59,878 - multipart.multipart - DEBUG - Calling on_header_field with data[469:488]
2025-11-20 12:21:59,879 - multipart.multipart - DEBUG - Calling on_header_value with data[490:521]
2025-11-20 12:21:59,880 - multipart.multipart - DEBUG - Calling on_header_end with no data
2025-11-20 12:21:59,888 - multipart.multipart - DEBUG - Calling on_headers_finished with no data
2025-11-20 12:21:59,889 - multipart.multipart - DEBUG - Calling on_part_data with data[525:528]
2025-11-20 12:21:59,890 - multipart.multipart - DEBUG - Calling on_part_end with no data
2025-11-20 12:21:59,890 - multipart.multipart - DEBUG - Calling on_end with no data
2025-11-20 12:21:59,891 - app.logger - INFO - Batch conversion started for file: Coordinate_conversion.csv, format: map
2025-11-20 12:21:59,891 - app.logger - INFO - Successfully decoded with utf-8
2025-11-20 12:21:59,894 - app.logger - INFO - DataFrame created with columns: ['#', 'Name', 'latitude', 'longitude']
2025-11-20 12:21:59,896 - app.converters - INFO - Transformed 4326->21037: (-1.2990176, 36.8901175) -> (265132.419, 9856620.501)
2025-11-20 12:21:59,903 - app.converters - INFO - Transformed 4326->21037: (-1.1850278, 36.6372222) -> (236965.861, 9869205.756)
2025-11-20 12:21:59,904 - app.converters - INFO - Transformed 4326->21037: (0.0146944, 36.4192222) -> (212629.528, 10001925.016)
2025-11-20 12:21:59,905 - app.converters - INFO - Transformed 4326->21037: (-0.2717772, 36.0464823) -> (171107.753, 9970219.552)
2025-11-20 12:21:59,905 - app.converters - INFO - Transformed 4326->21037: (-1.24925, 36.9561667) -> (272480.659, 9862130.894)
2025-11-20 12:21:59,906 - app.converters - INFO - Transformed 4326->21037: (-1.2556944, 36.6984722) -> (243792.360, 9861394.332)
2025-11-20 12:21:59,906 - app.logger - INFO - Batch conversion completed. Successful: 6/6
